<?xml version="1.0" encoding="UTF-8"?>
<!-- Generated by org.testng.reporters.JUnitXMLReporter -->
<testsuite hostname="ATMECSINDT-085" name="Default test" tests="3" failures="0" timestamp="11 May 2017 07:54:46 GMT" time="50.735" errors="0">
  <testcase name="checkValidSerachResult" time="3.234" classname="com.linkedin.testcases.LinkedinHomeTest"/>
  <testcase name="checkValidUser" time="14.139" classname="com.linkedin.testcases.LinkedinHomeTest"/>
  <testcase name="checkvalidSignup" time="3.917" classname="com.linkedin.testcases.LinkedinHomeTest"/>
</testsuite> <!-- Default test -->
